Start testing: Apr 26 19:19 Romance Daylight Time
----------------------------------------------------------
1/1 Testing: simple
1/1 Test: simple
Command: "C:/Program Files/CMake/bin/cmake.exe" "-D" "testsSrcDir=C:/Users/Oiltanker/Desktop/CmakeResources/tests" "-D" "testsBinDir=C:/Users/Oiltanker/Desktop/CmakeResources/build/_tests" "-D" "testName=simple" "-D" "cresScriptFile=C:/Users/Oiltanker/Desktop/CmakeResources/bin/CmakeResources.cmake" "-D" "CMAKE_GENERATOR=MinGW Makefiles" "-D" "CMAKE_CTEST_COMMAND=C:/Program Files/CMake/bin/ctest.exe" "-P" "./test.cmake"
Directory: C:/Users/Oiltanker/Desktop/CmakeResources/tests
"simple" start time: Apr 26 19:19 Romance Daylight Time
Output:
----------------------------------------------------------
Internal cmake changing into directory: C:/Users/Oiltanker/Desktop/CmakeResources/build/_tests/simple/build
======== CMake output     ======
Bundle 'bundle' created.
Configuring
Configuring done
Generating
Generating done
Build files have been written to: C:/Users/Oiltanker/Desktop/CmakeResources/build/_tests/simple/build
======== End CMake output ======
Change Dir: C:/Users/Oiltanker/Desktop/CmakeResources/build/_tests/simple/build

Run Clean Command:C:/TDM-GCC-64/bin/mingw32-make.exe clean 

Run Build Command(s):C:/TDM-GCC-64/bin/mingw32-make.exe 
-- Compiling 'bundle' bundle resources...
Generating 'C:/Users/Oiltanker/Desktop/CmakeResources/build/_tests/simple/bundle/f1/f1_1.txt' ...
Generating 'C:/Users/Oiltanker/Desktop/CmakeResources/build/_tests/simple/bundle/f1/f1_2.txt' ...
Generating 'C:/Users/Oiltanker/Desktop/CmakeResources/build/_tests/simple/bundle/f2/f21/f2_f21_1.txt' ...
Generating 'C:/Users/Oiltanker/Desktop/CmakeResources/build/_tests/simple/bundle/f2/f22/f2_f22_1.txt' ...
-- 'bundle' bundle resources compiled.
[  0%] Built target R_bundle.compile
[ 33%] Building CXX object CMakeFiles/R_bundle.dir/_resources/bundle/bundle/src/resources.cpp.obj
[ 33%] Built target R_bundle
[ 66%] Building CXX object CMakeFiles/simple.dir/src/main.cpp.obj
[100%] Linking CXX executable ..\bin\simple.exe
[100%] Built target simple
Running test command: "C:/Program Files/CMake/bin/ctest.exe" "-O" "C:/Users/Oiltanker/Desktop/CmakeResources/build/_tests/simple/testOutput.txt"
Test project C:/Users/Oiltanker/Desktop/CmakeResources/build/_tests/simple/build
    Start 1: produceOutput
1/2 Test #1: produceOutput ....................   Passed    0.03 sec
    Start 2: outputCompare
2/2 Test #2: outputCompare ....................   Passed    0.05 sec

100% tests passed, 0 tests failed out of 2

Total Test time (real) =   0.09 sec

-- All tests have passed.
<end of output>
Test time =  11.93 sec
----------------------------------------------------------
Test Passed.
"simple" end time: Apr 26 19:19 Romance Daylight Time
"simple" time elapsed: 00:00:11
----------------------------------------------------------

End testing: Apr 26 19:19 Romance Daylight Time
