Start testing: Apr 26 19:19 Romance Daylight Time
----------------------------------------------------------
1/2 Testing: produceOutput
1/2 Test: produceOutput
Command: "C:/Users/Oiltanker/Desktop/CmakeResources/build/_tests/simple/bin/simple.exe" "C:/Users/Oiltanker/Desktop/CmakeResources/build/_tests/simple/output.txt"
Directory: C:/Users/Oiltanker/Desktop/CmakeResources/build/_tests/simple/build
"produceOutput" start time: Apr 26 19:19 Romance Daylight Time
Output:
----------------------------------------------------------
<end of output>
Test time =   0.03 sec
----------------------------------------------------------
Test Passed.
"produceOutput" end time: Apr 26 19:19 Romance Daylight Time
"produceOutput" time elapsed: 00:00:00
----------------------------------------------------------

2/2 Testing: outputCompare
2/2 Test: outputCompare
Command: "C:/Program Files/CMake/bin/cmake.exe" "-E" "compare_files" "--ignore-eol" "C:/Users/Oiltanker/Desktop/CmakeResources/build/_tests/simple/output.txt" "C:/Users/Oiltanker/Desktop/CmakeResources/build/_tests/simple/expectedOutput.txt"
Directory: C:/Users/Oiltanker/Desktop/CmakeResources/build/_tests/simple/build
"outputCompare" start time: Apr 26 19:19 Romance Daylight Time
Output:
----------------------------------------------------------
<end of output>
Test time =   0.05 sec
----------------------------------------------------------
Test Passed.
"outputCompare" end time: Apr 26 19:19 Romance Daylight Time
"outputCompare" time elapsed: 00:00:00
----------------------------------------------------------

End testing: Apr 26 19:19 Romance Daylight Time
